<?xml version="1.0" encoding="UTF-8"?>
<!-- Generated by org.testng.reporters.JUnitReportReporter -->
<testsuite hostname="DESKTOP-R646QC9" failures="0" tests="1" name="pops.Modal" time="13.001" errors="0" timestamp="2024-07-29T13:08:44 IST" skipped="0">
  <testcase classname="pops.Modal" name="MultipleModal" time="13.001"/>
  <system-out/>
</testsuite> <!-- pops.Modal -->
