<?xml version="1.0" encoding="UTF-8"?>
<!-- Generated by org.testng.reporters.JUnitReportReporter -->
<testsuite hostname="DESKTOP-R646QC9" failures="0" tests="1" name="webelements.TextBox" time="9.837" errors="0" timestamp="2024-07-25T14:54:46 IST" skipped="0">
  <testcase classname="webelements.TextBox" name="Disabled" time="9.837"/>
  <system-out/>
</testsuite> <!-- webelements.TextBox -->
