<?xml version="1.0" encoding="UTF-8"?>
<!-- Generated by org.testng.reporters.JUnitReportReporter -->
<testsuite hostname="DESKTOP-R646QC9" failures="0" tests="1" name="frames.Iframes" time="9.864" errors="0" timestamp="2024-07-25T22:08:55 IST" skipped="0">
  <testcase classname="frames.Iframes" name="NestedWithMultipleframes" time="9.864"/>
  <system-out/>
</testsuite> <!-- frames.Iframes -->
