<?xml version="1.0" encoding="UTF-8"?>
<!-- Generated by org.testng.reporters.JUnitReportReporter -->
<testsuite hostname="DESKTOP-R646QC9" failures="0" tests="1" name="webelements.Audio" time="7.561" errors="0" timestamp="2024-07-27T10:22:51 IST" skipped="0">
  <testcase classname="webelements.Audio" name="Default" time="7.561"/>
  <system-out/>
</testsuite> <!-- webelements.Audio -->
