<?xml version="1.0" encoding="UTF-8"?>
<!-- Generated by org.testng.reporters.JUnitReportReporter -->
<testsuite hostname="DESKTOP-R646QC9" failures="0" tests="1" name="webelements.Video" time="12.518" errors="0" timestamp="2024-07-27T10:34:28 IST" skipped="0">
  <testcase classname="webelements.Video" name="Default" time="12.518"/>
  <system-out/>
</testsuite> <!-- webelements.Video -->
