<?xml version="1.0" encoding="UTF-8"?>
<!-- Generated by org.testng.reporters.JUnitReportReporter -->
<testsuite hostname="DESKTOP-R646QC9" failures="0" tests="1" name="links.BrokenLinks" time="52.642" errors="0" timestamp="2024-07-29T16:08:26 IST" skipped="0">
  <testcase classname="links.BrokenLinks" name="brokenlink" time="52.642"/>
  <system-out/>
</testsuite> <!-- links.BrokenLinks -->
