<?xml version="1.0" encoding="UTF-8"?>
<!-- Generated by org.testng.reporters.JUnitReportReporter -->
<testsuite hostname="DESKTOP-R646QC9" failures="0" tests="1" name="pops.Notification_Popups" time="13.403" errors="0" timestamp="2024-07-24T17:57:58 IST" skipped="0">
  <testcase classname="pops.Notification_Popups" name="Default" time="13.403"/>
  <system-out/>
</testsuite> <!-- pops.Notification_Popups -->
