<?xml version="1.0" encoding="UTF-8"?>
<!-- Generated by org.testng.reporters.JUnitReportReporter -->
<testsuite hostname="DESKTOP-R646QC9" failures="0" tests="1" name="pops.JavaScript" time="14.218" errors="0" timestamp="2024-07-24T09:40:50 IST" skipped="0">
  <testcase classname="pops.JavaScript" name="Prompt" time="14.218"/>
  <system-out/>
</testsuite> <!-- pops.JavaScript -->
