<?xml version="1.0" encoding="UTF-8"?>
<!-- Generated by org.testng.reporters.JUnitReportReporter -->
<testsuite hostname="DESKTOP-R646QC9" failures="0" tests="1" name="webelements.Slider" time="5.962" errors="0" timestamp="2024-07-23T23:11:45 IST" skipped="0">
  <testcase classname="webelements.Slider" name="Default" time="5.962"/>
  <system-out/>
</testsuite> <!-- webelements.Slider -->
