<?xml version="1.0" encoding="UTF-8"?>
<!-- Generated by org.testng.reporters.JUnitReportReporter -->
<testsuite hostname="DESKTOP-R646QC9" failures="0" tests="1" name="webelements.Link" time="12.102" errors="0" timestamp="2024-07-23T12:42:03 IST" skipped="0">
  <testcase classname="webelements.Link" name="Link_in_NewTab" time="12.102"/>
  <system-out/>
</testsuite> <!-- webelements.Link -->
