<?xml version="1.0" encoding="UTF-8"?>
<!-- Generated by org.testng.reporters.JUnitReportReporter -->
<testsuite hostname="DESKTOP-R646QC9" failures="0" tests="1" name="pops.Authentication" time="6.493" errors="0" timestamp="2024-07-24T16:38:26 IST" skipped="0">
  <testcase classname="pops.Authentication" name="Default" time="6.493"/>
  <system-out/>
</testsuite> <!-- pops.Authentication -->
