<?xml version="1.0" encoding="UTF-8"?>
<!-- Generated by org.testng.reporters.JUnitReportReporter -->
<testsuite hostname="DESKTOP-R646QC9" failures="0" tests="1" name="synchronization.ProgessBar" time="7.879" errors="0" timestamp="2024-07-25T15:58:18 IST" skipped="0">
  <testcase classname="synchronization.ProgessBar" name="DisabledElement" time="7.879"/>
  <system-out/>
</testsuite> <!-- synchronization.ProgessBar -->
