<?xml version="1.0" encoding="UTF-8"?>
<!-- Generated by org.testng.reporters.JUnitReportReporter -->
<testsuite hostname="DESKTOP-R646QC9" failures="0" tests="1" name="pops.Browser_Windows" time="14.514" errors="0" timestamp="2024-07-24T17:33:33 IST" skipped="0">
  <testcase classname="pops.Browser_Windows" name="MultipleWindows" time="14.514"/>
  <system-out/>
</testsuite> <!-- pops.Browser_Windows -->
