<?xml version="1.0" encoding="UTF-8"?>
<!-- Generated by org.testng.reporters.JUnitReportReporter -->
<testsuite hostname="DESKTOP-R646QC9" failures="0" tests="1" name="webelements.Button" time="8.093" errors="0" timestamp="2024-07-23T12:16:02 IST" skipped="0">
  <testcase classname="webelements.Button" name="Disabled" time="8.093"/>
  <system-out/>
</testsuite> <!-- webelements.Button -->
