<?xml version="1.0" encoding="UTF-8"?>
<!-- Generated by org.testng.reporters.JUnitReportReporter -->
<testsuite hostname="DESKTOP-R646QC9" failures="0" tests="1" name="webelements.Toggle" time="6.885" errors="0" timestamp="2024-07-24T15:39:43 IST" skipped="0">
  <testcase classname="webelements.Toggle" name="Default" time="6.885"/>
  <system-out/>
</testsuite> <!-- webelements.Toggle -->
