<?xml version="1.0" encoding="UTF-8"?>
<!-- Generated by org.testng.reporters.JUnitReportReporter -->
<testsuite hostname="DESKTOP-R646QC9" failures="0" tests="1" name="webelements.RadioButton" time="7.104" errors="0" timestamp="2024-07-25T14:55:50 IST" skipped="0">
  <testcase classname="webelements.RadioButton" name="Disabled" time="7.104"/>
  <system-out/>
</testsuite> <!-- webelements.RadioButton -->
