<?xml version="1.0" encoding="UTF-8"?>
<!-- Generated by org.testng.reporters.JUnitReportReporter -->
<testsuite hostname="DESKTOP-R646QC9" failures="0" tests="1" name="webelements.Image" time="8.196" errors="0" timestamp="2024-07-23T23:00:54 IST" skipped="0">
  <testcase classname="webelements.Image" name="Without_img_tag" time="8.196"/>
  <system-out/>
</testsuite> <!-- webelements.Image -->
