<?xml version="1.0" encoding="UTF-8"?>
<!-- Generated by org.testng.reporters.JUnitReportReporter -->
<testsuite hostname="DESKTOP-R646QC9" failures="0" tests="1" name="synchronization.PageLoading" time="7.686" errors="0" timestamp="2024-07-25T15:13:42 IST" skipped="0">
  <testcase classname="synchronization.PageLoading" name="Default" time="7.686"/>
  <system-out/>
</testsuite> <!-- synchronization.PageLoading -->
