<?xml version="1.0" encoding="UTF-8"?>
<!-- Generated by org.testng.reporters.JUnitReportReporter -->
<testsuite hostname="DESKTOP-R646QC9" failures="0" tests="1" name="webelements.DropDown" time="6.888" errors="0" timestamp="2024-07-23T17:16:48 IST" skipped="0">
  <testcase classname="webelements.DropDown" name="search_With_Select" time="6.888"/>
  <system-out/>
</testsuite> <!-- webelements.DropDown -->
