<?xml version="1.0" encoding="UTF-8"?>
<!-- Generated by org.testng.reporters.JUnitReportReporter -->
<testsuite hostname="DESKTOP-R646QC9" failures="0" tests="1" name="webelements.CheckBox" time="6.946" errors="0" timestamp="2024-07-23T17:44:22 IST" skipped="0">
  <testcase classname="webelements.CheckBox" name="Disable" time="6.946"/>
  <system-out/>
</testsuite> <!-- webelements.CheckBox -->
