<?xml version="1.0" encoding="UTF-8"?>
<!-- Generated by org.testng.reporters.JUnitReportReporter -->
<testsuite hostname="DESKTOP-R646QC9" failures="0" tests="1" name="mouseActions.MouseHoover" time="9.501" errors="0" timestamp="2024-07-25T22:47:37 IST" skipped="0">
  <testcase classname="mouseActions.MouseHoover" name="icon" time="9.501"/>
  <system-out/>
</testsuite> <!-- mouseActions.MouseHoover -->
